Build started 18/03/2015 5:44:08 PM.
     1>Project "C:\Users\FlynnUser\Desktop\Development\C++ Projects\pxl2D\pxl2D\pxl2D.vcxproj" on node 2 (Build target(s)).
     1>Lib:
         C:\Program Files (x86)\Microsoft Visual Studio 12.0\VC\bin\Lib.exe /OUT:"C:\Users\FlynnUser\Desktop\Development\C++ Projects\pxl2D\lib\pxl2D.lib" libpng.lib zlib.lib freetype.lib winmm.lib dbghelp.lib /NOLOGO "C:\Users\FlynnUser\Desktop\Development\C++ Projects\pxl2D\pxl2D\bin\PXL_Colour.obj"
         "C:\Users\FlynnUser\Desktop\Development\C++ Projects\pxl2D\pxl2D\bin\PXL_GraphicsAPI.obj"
         "C:\Users\FlynnUser\Desktop\Development\C++ Projects\pxl2D\pxl2D\bin\PXL_Sprite.obj"
         "C:\Users\FlynnUser\Desktop\Development\C++ Projects\pxl2D\pxl2D\bin\PXL_Joystick.obj"
         "C:\Users\FlynnUser\Desktop\Development\C++ Projects\pxl2D\pxl2D\bin\PXL_Keyboard.obj"
         "C:\Users\FlynnUser\Desktop\Development\C++ Projects\pxl2D\pxl2D\bin\PXL_Collision.obj"
         "C:\Users\FlynnUser\Desktop\Development\C++ Projects\pxl2D\pxl2D\bin\PXL.obj"
         "C:\Users\FlynnUser\Desktop\Development\C++ Projects\pxl2D\pxl2D\bin\PXL_Batch.obj"
         "C:\Users\FlynnUser\Desktop\Development\C++ Projects\pxl2D\pxl2D\bin\PXL_Bitmap.obj"
         "C:\Users\FlynnUser\Desktop\Development\C++ Projects\pxl2D\pxl2D\bin\PXL_Font.obj"
         "C:\Users\FlynnUser\Desktop\Development\C++ Projects\pxl2D\pxl2D\bin\PXL_FontUtils.obj"
         "C:\Users\FlynnUser\Desktop\Development\C++ Projects\pxl2D\pxl2D\bin\PXL_FrameBuffer.obj"
         "C:\Users\FlynnUser\Desktop\Development\C++ Projects\pxl2D\pxl2D\bin\PXL_Lights.obj"
         "C:\Users\FlynnUser\Desktop\Development\C++ Projects\pxl2D\pxl2D\bin\PXL_Matrix4.obj"
         "C:\Users\FlynnUser\Desktop\Development\C++ Projects\pxl2D\pxl2D\bin\PXL_Text.obj"
         "C:\Users\FlynnUser\Desktop\Development\C++ Projects\pxl2D\pxl2D\bin\PXL_Texture.obj"
         "C:\Users\FlynnUser\Desktop\Development\C++ Projects\pxl2D\pxl2D\bin\PXL_ShaderUtils.obj"
         "C:\Users\FlynnUser\Desktop\Development\C++ Projects\pxl2D\pxl2D\bin\PXL_ShaderProgram.obj"
         "C:\Users\FlynnUser\Desktop\Development\C++ Projects\pxl2D\pxl2D\bin\PXL_TextureSheet.obj"
         "C:\Users\FlynnUser\Desktop\Development\C++ Projects\pxl2D\pxl2D\bin\PXL_Graphics.obj"
         "C:\Users\FlynnUser\Desktop\Development\C++ Projects\pxl2D\pxl2D\bin\PXL_Input.obj"
         "C:\Users\FlynnUser\Desktop\Development\C++ Projects\pxl2D\pxl2D\bin\PXL_Physics.obj"
         "C:\Users\FlynnUser\Desktop\Development\C++ Projects\pxl2D\pxl2D\bin\PXL_System.obj"
         "C:\Users\FlynnUser\Desktop\Development\C++ Projects\pxl2D\pxl2D\bin\PXL_AndroidWindow.obj"
         "C:\Users\FlynnUser\Desktop\Development\C++ Projects\pxl2D\pxl2D\bin\PXL_LinuxWindow.obj"
         "C:\Users\FlynnUser\Desktop\Development\C++ Projects\pxl2D\pxl2D\bin\PXL_Debug.obj"
         "C:\Users\FlynnUser\Desktop\Development\C++ Projects\pxl2D\pxl2D\bin\PXL_Event.obj"
         "C:\Users\FlynnUser\Desktop\Development\C++ Projects\pxl2D\pxl2D\bin\PXL_Exception.obj"
         "C:\Users\FlynnUser\Desktop\Development\C++ Projects\pxl2D\pxl2D\bin\PXL_ImageIO.obj"
         "C:\Users\FlynnUser\Desktop\Development\C++ Projects\pxl2D\pxl2D\bin\PXL_IO.obj"
         "C:\Users\FlynnUser\Desktop\Development\C++ Projects\pxl2D\pxl2D\bin\PXL_Math.obj"
         "C:\Users\FlynnUser\Desktop\Development\C++ Projects\pxl2D\pxl2D\bin\PXL_Timer.obj"
         "C:\Users\FlynnUser\Desktop\Development\C++ Projects\pxl2D\pxl2D\bin\PXL_Win32Window.obj"
     1>zlib.lib(zlib1.dll) : warning LNK4006: _DllGetVersion already defined in libpng.lib(libpng12.dll); second definition ignored
     1>zlib.lib(zlib1.dll) : warning LNK4006: __imp__DllGetVersion already defined in libpng.lib(libpng12.dll); second definition ignored
     1>zlib.lib(zlib1.dll) : warning LNK4221: This object file does not define any previously undefined public symbols, so it will not be used by any link operation that consumes this library
     1>zlib.lib(zlib1.dll) : warning LNK4006: __NULL_IMPORT_DESCRIPTOR already defined in libpng.lib(libpng12.dll); second definition ignored
     1>zlib.lib(zlib1.dll) : warning LNK4221: This object file does not define any previously undefined public symbols, so it will not be used by any link operation that consumes this library
     1>freetype.lib(freetype6.dll) : warning LNK4006: _DllGetVersion already defined in libpng.lib(libpng12.dll); second definition ignored
     1>freetype.lib(freetype6.dll) : warning LNK4006: __imp__DllGetVersion already defined in libpng.lib(libpng12.dll); second definition ignored
     1>freetype.lib(freetype6.dll) : warning LNK4221: This object file does not define any previously undefined public symbols, so it will not be used by any link operation that consumes this library
     1>freetype.lib(freetype6.dll) : warning LNK4006: __NULL_IMPORT_DESCRIPTOR already defined in libpng.lib(libpng12.dll); second definition ignored
     1>freetype.lib(freetype6.dll) : warning LNK4221: This object file does not define any previously undefined public symbols, so it will not be used by any link operation that consumes this library
     1>winmm.lib(WINMM.dll) : warning LNK4006: __NULL_IMPORT_DESCRIPTOR already defined in libpng.lib(libpng12.dll); second definition ignored
     1>winmm.lib(WINMM.dll) : warning LNK4221: This object file does not define any previously undefined public symbols, so it will not be used by any link operation that consumes this library
     1>dbghelp.lib(dbghelp.dll) : warning LNK4006: __NULL_IMPORT_DESCRIPTOR already defined in libpng.lib(libpng12.dll); second definition ignored
     1>dbghelp.lib(dbghelp.dll) : warning LNK4221: This object file does not define any previously undefined public symbols, so it will not be used by any link operation that consumes this library
     1>PXL_Event.obj : warning LNK4221: This object file does not define any previously undefined public symbols, so it will not be used by any link operation that consumes this library
         pxl2D.vcxproj -> C:\Users\FlynnUser\Desktop\Development\C++ Projects\pxl2D\lib\pxl2D.lib
     1>Done Building Project "C:\Users\FlynnUser\Desktop\Development\C++ Projects\pxl2D\pxl2D\pxl2D.vcxproj" (Build target(s)).

Build succeeded.

Time Elapsed 00:00:00.21
