c:\users\flynnuser\desktop\development\c++ projects\pxl2d\pxl2d\bin\vc120.pdb
c:\users\flynnuser\desktop\development\c++ projects\pxl2d\pxl2d\bin\vc120.idb
c:\users\flynnuser\desktop\development\c++ projects\pxl2d\pxl2d\bin\pxl_matrix4.obj
c:\users\flynnuser\desktop\development\c++ projects\pxl2d\pxl2d\bin\pxl_text.obj
c:\users\flynnuser\desktop\development\c++ projects\pxl2d\pxl2d\bin\pxl_texture.obj
c:\users\flynnuser\desktop\development\c++ projects\pxl2d\pxl2d\bin\pxl_shaderutils.obj
c:\users\flynnuser\desktop\development\c++ projects\pxl2d\pxl2d\bin\pxl_shaderprogram.obj
c:\users\flynnuser\desktop\development\c++ projects\pxl2d\pxl2d\bin\pxl_texturesheet.obj
c:\users\flynnuser\desktop\development\c++ projects\pxl2d\pxl2d\bin\pxl_graphics.obj
c:\users\flynnuser\desktop\development\c++ projects\pxl2d\pxl2d\bin\pxl_input.obj
c:\users\flynnuser\desktop\development\c++ projects\pxl2d\pxl2d\bin\pxl_physics.obj
c:\users\flynnuser\desktop\development\c++ projects\pxl2d\pxl2d\bin\pxl_system.obj
c:\users\flynnuser\desktop\development\c++ projects\pxl2d\pxl2d\bin\pxl_androidwindow.obj
c:\users\flynnuser\desktop\development\c++ projects\pxl2d\pxl2d\bin\pxl_linuxwindow.obj
c:\users\flynnuser\desktop\development\c++ projects\pxl2d\pxl2d\bin\pxl_debug.obj
c:\users\flynnuser\desktop\development\c++ projects\pxl2d\pxl2d\bin\pxl_event.obj
c:\users\flynnuser\desktop\development\c++ projects\pxl2d\pxl2d\bin\pxl_exception.obj
c:\users\flynnuser\desktop\development\c++ projects\pxl2d\pxl2d\bin\pxl_math.obj
c:\users\flynnuser\desktop\development\c++ projects\pxl2d\pxl2d\bin\pxl_timer.obj
c:\users\flynnuser\desktop\development\c++ projects\pxl2d\pxl2d\bin\pxl_win32window.obj
c:\users\flynnuser\desktop\development\c++ projects\pxl2d\pxl2d\bin\pxl_colour.obj
c:\users\flynnuser\desktop\development\c++ projects\pxl2d\pxl2d\bin\pxl_graphicsapi.obj
c:\users\flynnuser\desktop\development\c++ projects\pxl2d\pxl2d\bin\pxl_sprite.obj
c:\users\flynnuser\desktop\development\c++ projects\pxl2d\pxl2d\bin\pxl_joystick.obj
c:\users\flynnuser\desktop\development\c++ projects\pxl2d\pxl2d\bin\pxl_keyboard.obj
c:\users\flynnuser\desktop\development\c++ projects\pxl2d\pxl2d\bin\pxl_collision.obj
c:\users\flynnuser\desktop\development\c++ projects\pxl2d\pxl2d\bin\pxl.obj
c:\users\flynnuser\desktop\development\c++ projects\pxl2d\pxl2d\bin\pxl_batch.obj
c:\users\flynnuser\desktop\development\c++ projects\pxl2d\pxl2d\bin\pxl_bitmap.obj
c:\users\flynnuser\desktop\development\c++ projects\pxl2d\pxl2d\bin\pxl_font.obj
c:\users\flynnuser\desktop\development\c++ projects\pxl2d\pxl2d\bin\pxl_fontutils.obj
c:\users\flynnuser\desktop\development\c++ projects\pxl2d\pxl2d\bin\pxl_framebuffer.obj
c:\users\flynnuser\desktop\development\c++ projects\pxl2d\pxl2d\bin\pxl_imageutils.obj
c:\users\flynnuser\desktop\development\c++ projects\pxl2d\pxl2d\bin\pxl_lights.obj
c:\users\flynnuser\desktop\development\c++ projects\pxl2d\lib\pxl2d.lib
c:\users\flynnuser\desktop\development\c++ projects\pxl2d\pxl2d\bin\pxl2d.tlog\cl.command.1.tlog
c:\users\flynnuser\desktop\development\c++ projects\pxl2d\pxl2d\bin\pxl2d.tlog\cl.read.1.tlog
c:\users\flynnuser\desktop\development\c++ projects\pxl2d\pxl2d\bin\pxl2d.tlog\cl.write.1.tlog
c:\users\flynnuser\desktop\development\c++ projects\pxl2d\pxl2d\bin\pxl2d.tlog\lib-link.read.1.tlog
c:\users\flynnuser\desktop\development\c++ projects\pxl2d\pxl2d\bin\pxl2d.tlog\lib-link.write.1.tlog
c:\users\flynnuser\desktop\development\c++ projects\pxl2d\pxl2d\bin\pxl2d.tlog\lib.command.1.tlog
