Build started 11/01/2015 7:43:58 PM.
     1>Project "C:\Users\FlynnUser\Desktop\Development\C++ Projects\pixel2DEngine\pixel2D\pixel2D.vcxproj" on node 2 (Build target(s)).
     1>C:\Program Files (x86)\MSBuild\Microsoft.Cpp\v4.0\V120\Microsoft.CppBuild.targets(364,5): warning MSB8004: Output Directory does not end with a trailing slash.  This build instance will add the slash as it is required to allow proper evaluation of the Output Directory.
     1>C:\Program Files (x86)\MSBuild\Microsoft.Cpp\v4.0\V120\Microsoft.CppBuild.targets(388,5): warning MSB8028: The intermediate directory (Debug\) contains files shared from another project (pixel2Dstaticlib.vcxproj).  This can lead to incorrect clean and rebuild behavior.
     1>ClCompile:
         C:\Program Files (x86)\Microsoft Visual Studio 12.0\VC\bin\CL.exe /c /ZI /nologo /W3 /WX- /Od /Oy- /D WIN32 /D _DEBUG /D _LIB /D _UNICODE /D UNICODE /Gm /EHsc /RTC1 /MDd /GS /fp:precise /Zc:wchar_t /Zc:forScope /Fo"Debug\\" /Fd"Debug\vc120.pdb" /Gd /TP /analyze- /errorReport:prompt src\Renderer.cpp
         Renderer.cpp
     1>c:\users\flynnuser\desktop\development\c++ projects\pixel2dengine\pixel2d\src\renderer.cpp(28): warning C4244: 'argument' : conversion from 'int' to 'float', possible loss of data
     1>c:\users\flynnuser\desktop\development\c++ projects\pixel2dengine\pixel2d\src\renderer.cpp(55): warning C4244: 'argument' : conversion from 'int' to 'float', possible loss of data
     1>c:\users\flynnuser\desktop\development\c++ projects\pixel2dengine\pixel2d\src\renderer.cpp(59): warning C4244: 'argument' : conversion from 'int' to 'float', possible loss of data
     1>c:\users\flynnuser\desktop\development\c++ projects\pixel2dengine\pixel2d\src\renderer.cpp(64): warning C4244: '/=' : conversion from 'float' to 'int', possible loss of data
     1>c:\users\flynnuser\desktop\development\c++ projects\pixel2dengine\pixel2d\src\renderer.cpp(65): warning C4244: '/=' : conversion from 'float' to 'int', possible loss of data
     1>c:\users\flynnuser\desktop\development\c++ projects\pixel2dengine\pixel2d\src\renderer.cpp(67): warning C4244: 'argument' : conversion from 'int' to 'float', possible loss of data
     1>c:\users\flynnuser\desktop\development\c++ projects\pixel2dengine\pixel2d\src\renderer.cpp(69): warning C4244: 'argument' : conversion from 'int' to 'float', possible loss of data
       Lib:
         C:\Program Files (x86)\Microsoft Visual Studio 12.0\VC\bin\Lib.exe /OUT:"C:\Users\FlynnUser\Desktop\Development\C++ Projects\pixel2DEngine\lib\pixel2Dlib\pixel2D.lib" /NOLOGO Debug\BufferObject.obj
         Debug\Matrix4.obj
         Debug\P2Texture.obj
         Debug\Renderer.obj
         Debug\ShaderUtils.obj
         Debug\ShaderProgram.obj
         pixel2D.vcxproj -> C:\Users\FlynnUser\Desktop\Development\C++ Projects\pixel2DEngine\lib\pixel2Dlib\pixel2D.lib
     1>Done Building Project "C:\Users\FlynnUser\Desktop\Development\C++ Projects\pixel2DEngine\pixel2D\pixel2D.vcxproj" (Build target(s)).

Build succeeded.

Time Elapsed 00:00:00.60
