c:\users\flynnuser\desktop\development\c++ projects\pxl2d\pxl2d\release\vc120.pdb
c:\users\flynnuser\desktop\development\c++ projects\pxl2d\pxl2d\release\pxl_window.obj
c:\users\flynnuser\desktop\development\c++ projects\pxl2d\pxl2d\release\pxl_exception.obj
c:\users\flynnuser\desktop\development\c++ projects\pxl2d\pxl2d\release\pxl_texturesheet.obj
c:\users\flynnuser\desktop\development\c++ projects\pxl2d\pxl2d\release\pxl_shaderprogram.obj
c:\users\flynnuser\desktop\development\c++ projects\pxl2d\pxl2d\release\pxl_shaderutils.obj
c:\users\flynnuser\desktop\development\c++ projects\pxl2d\pxl2d\release\pxl_texture.obj
c:\users\flynnuser\desktop\development\c++ projects\pxl2d\pxl2d\release\pxl_text.obj
c:\users\flynnuser\desktop\development\c++ projects\pxl2d\pxl2d\release\pxl_matrix4.obj
c:\users\flynnuser\desktop\development\c++ projects\pxl2d\pxl2d\release\pxl_lights.obj
c:\users\flynnuser\desktop\development\c++ projects\pxl2d\pxl2d\release\pxl_imageutils.obj
c:\users\flynnuser\desktop\development\c++ projects\pxl2d\pxl2d\release\pxl_framebuffer.obj
c:\users\flynnuser\desktop\development\c++ projects\pxl2d\pxl2d\release\pxl_fontutils.obj
c:\users\flynnuser\desktop\development\c++ projects\pxl2d\pxl2d\release\pxl_font.obj
c:\users\flynnuser\desktop\development\c++ projects\pxl2d\pxl2d\release\pxl_bitmap.obj
c:\users\flynnuser\desktop\development\c++ projects\pxl2d\pxl2d\release\pxl_batch.obj
c:\users\flynnuser\desktop\development\c++ projects\pxl2d\pxl2d\release\pxl.obj
c:\users\flynnuser\desktop\development\c++ projects\pxl2d\release\pxl2d.lib
c:\users\flynnuser\desktop\development\c++ projects\pxl2d\pxl2d\release\pxl2d.tlog\cl.command.1.tlog
c:\users\flynnuser\desktop\development\c++ projects\pxl2d\pxl2d\release\pxl2d.tlog\cl.read.1.tlog
c:\users\flynnuser\desktop\development\c++ projects\pxl2d\pxl2d\release\pxl2d.tlog\cl.write.1.tlog
c:\users\flynnuser\desktop\development\c++ projects\pxl2d\pxl2d\release\pxl2d.tlog\lib-link.read.1.tlog
c:\users\flynnuser\desktop\development\c++ projects\pxl2d\pxl2d\release\pxl2d.tlog\lib-link.write.1.tlog
c:\users\flynnuser\desktop\development\c++ projects\pxl2d\pxl2d\release\pxl2d.tlog\lib.command.1.tlog
