Build started 27/01/2015 10:40:50 AM.
     1>Project "C:\Users\FlynnUser\Desktop\Development\C++ Projects\pxl2D\pxl2D\pxl2D.vcxproj" on node 2 (Build target(s)).
     1>ClCompile:
         C:\Program Files (x86)\Microsoft Visual Studio 12.0\VC\bin\CL.exe /c /Zi /nologo /W3 /WX- /O2 /Oi /Oy- /GL /D WIN32 /D NDEBUG /D _LIB /D _MBCS /Gm- /EHsc /MD /GS /Gy /fp:precise /Zc:wchar_t /Zc:forScope /Fo"Release\\" /Fd"Release\vc120.pdb" /Gd /TP /analyze- /errorReport:prompt src\system\PXL_Exception.cpp
         PXL_Exception.cpp
       Lib:
         C:\Program Files (x86)\Microsoft Visual Studio 12.0\VC\bin\Lib.exe /OUT:"C:\Users\FlynnUser\Desktop\Development\C++ Projects\pxl2D\Release\pxl2D.lib" libpng.lib zlib.lib freetype.lib winmm.lib /NOLOGO /LTCG Release\PXL.obj
         Release\PXL_Batch.obj
         Release\PXL_Bitmap.obj
         Release\PXL_Font.obj
         Release\PXL_FontUtils.obj
         Release\PXL_FrameBuffer.obj
         Release\PXL_ImageUtils.obj
         Release\PXL_Lights.obj
         Release\PXL_Matrix4.obj
         Release\PXL_Text.obj
         Release\PXL_Texture.obj
         Release\PXL_ShaderUtils.obj
         Release\PXL_ShaderProgram.obj
         Release\PXL_TextureSheet.obj
         Release\PXL_Exception.obj
         Release\PXL_Window.obj
     1>zlib.lib(zlib1.dll) : warning LNK4006: _DllGetVersion already defined in libpng.lib(libpng12.dll); second definition ignored
     1>zlib.lib(zlib1.dll) : warning LNK4006: __imp__DllGetVersion already defined in libpng.lib(libpng12.dll); second definition ignored
     1>zlib.lib(zlib1.dll) : warning LNK4006: __NULL_IMPORT_DESCRIPTOR already defined in libpng.lib(libpng12.dll); second definition ignored
     1>freetype.lib(freetype6.dll) : warning LNK4006: _DllGetVersion already defined in libpng.lib(libpng12.dll); second definition ignored
     1>freetype.lib(freetype6.dll) : warning LNK4006: __imp__DllGetVersion already defined in libpng.lib(libpng12.dll); second definition ignored
     1>freetype.lib(freetype6.dll) : warning LNK4006: __NULL_IMPORT_DESCRIPTOR already defined in libpng.lib(libpng12.dll); second definition ignored
     1>winmm.lib(WINMM.dll) : warning LNK4006: __NULL_IMPORT_DESCRIPTOR already defined in libpng.lib(libpng12.dll); second definition ignored
         pxl2D.vcxproj -> C:\Users\FlynnUser\Desktop\Development\C++ Projects\pxl2D\Release\pxl2D.lib
     1>Done Building Project "C:\Users\FlynnUser\Desktop\Development\C++ Projects\pxl2D\pxl2D\pxl2D.vcxproj" (Build target(s)).

Build succeeded.

Time Elapsed 00:00:04.06
