Build started 29/05/2015 10:03:34 PM.
     1>Project "C:\Users\FlynnUser\Desktop\Development\C++ Projects\pxl2D\pxlExample\pxlExample.vcxproj" on node 2 (Build target(s)).
     1>ClCompile:
         C:\Program Files (x86)\Microsoft Visual Studio 12.0\VC\bin\CL.exe /c /ZI /nologo /W3 /WX- /Od /Oy- /D WIN32 /D _DEBUG /D _CONSOLE /D _LIB /D GLEW_STATIC /D _MBCS /Gm /EHsc /RTC1 /MTd /GS /fp:precise /Zc:wchar_t /Zc:forScope /Fo"C:\Users\FlynnUser\Desktop\Development\C++ Projects\pxl2D\pxlExample\bin\\" /Fd"C:\Users\FlynnUser\Desktop\Development\C++ Projects\pxl2D\pxlExample\bin\vc120.pdb" /Gd /TP /analyze- /errorReport:prompt src\Main.cpp
         Main.cpp
     1>c:\users\flynnuser\desktop\development\c++ projects\pxl2d\pxl2d\include\graphics\pxl_graphicsapi.h(7): warning C4005: 'GLEW_STATIC' : macro redefinition
                 command-line arguments :  see previous definition of 'GLEW_STATIC'
     1>c:\users\flynnuser\desktop\development\c++ projects\pxl2d\pxl2d\include\graphics\pxl_sprite.h(74): warning C4244: 'return' : conversion from 'int' to 'float', possible loss of data
     1>c:\users\flynnuser\desktop\development\c++ projects\pxl2d\pxl2d\include\graphics\pxl_sprite.h(75): warning C4244: 'return' : conversion from 'int' to 'float', possible loss of data
     1>c:\users\flynnuser\desktop\development\c++ projects\pxl2d\pxlexample\src\main.cpp(16): warning C4244: 'argument' : conversion from 'time_t' to 'unsigned int', possible loss of data
     1>c:\users\flynnuser\desktop\development\c++ projects\pxl2d\pxlexample\src\main.cpp(67): warning C4244: 'argument' : conversion from 'int' to 'float', possible loss of data
     1>c:\users\flynnuser\desktop\development\c++ projects\pxl2d\pxlexample\src\main.cpp(90): warning C4244: '=' : conversion from 'int' to 'float', possible loss of data
     1>c:\users\flynnuser\desktop\development\c++ projects\pxl2d\pxlexample\src\main.cpp(91): warning C4244: '=' : conversion from 'int' to 'float', possible loss of data
     1>c:\users\flynnuser\desktop\development\c++ projects\pxl2d\pxlexample\src\main.cpp(115): warning C4244: '=' : conversion from 'int' to 'float', possible loss of data
     1>c:\users\flynnuser\desktop\development\c++ projects\pxl2d\pxlexample\src\main.cpp(121): warning C4244: 'argument' : conversion from 'float' to 'int', possible loss of data
     1>c:\users\flynnuser\desktop\development\c++ projects\pxl2d\pxlexample\src\main.cpp(126): warning C4244: 'argument' : conversion from 'float' to 'int', possible loss of data
     1>c:\users\flynnuser\desktop\development\c++ projects\pxl2d\pxlexample\src\main.cpp(221): warning C4244: '=' : conversion from 'int' to 'float', possible loss of data
     1>c:\users\flynnuser\desktop\development\c++ projects\pxl2d\pxlexample\src\main.cpp(222): warning C4244: '=' : conversion from 'int' to 'float', possible loss of data
     1>c:\users\flynnuser\desktop\development\c++ projects\pxl2d\pxlexample\src\main.cpp(227): error C2664: 'void PXL_Batch::add(const PXL_Texture &,PXL_Rect *,PXL_Rect *,float,PXL_Vec2 *,PXL_Vec2 *,PXL_Flip,int,PXL_Colour,PXL_ShaderProgram *,PXL_BlendMode)' : cannot convert argument 6 from 'PXL_Flip' to 'PXL_Vec2 *'
                 Conversion from integral type to pointer type requires reinterpret_cast, C-style cast or function-style cast
     1>c:\users\flynnuser\desktop\development\c++ projects\pxl2d\pxlexample\src\main.cpp(231): error C2664: 'void PXL_Batch::add(const PXL_Texture &,PXL_Rect *,PXL_Rect *,float,PXL_Vec2 *,PXL_Vec2 *,PXL_Flip,int,PXL_Colour,PXL_ShaderProgram *,PXL_BlendMode)' : cannot convert argument 6 from 'PXL_Flip' to 'PXL_Vec2 *'
                 Conversion from integral type to pointer type requires reinterpret_cast, C-style cast or function-style cast
     1>c:\users\flynnuser\desktop\development\c++ projects\pxl2d\pxlexample\src\main.cpp(259): warning C4018: '<' : signed/unsigned mismatch
     1>c:\users\flynnuser\desktop\development\c++ projects\pxl2d\pxlexample\src\main.cpp(265): warning C4244: '=' : conversion from 'int' to 'float', possible loss of data
     1>c:\users\flynnuser\desktop\development\c++ projects\pxl2d\pxlexample\src\main.cpp(269): warning C4244: '=' : conversion from 'int' to 'float', possible loss of data
     1>c:\users\flynnuser\desktop\development\c++ projects\pxl2d\pxlexample\src\main.cpp(273): warning C4244: '=' : conversion from 'int' to 'float', possible loss of data
     1>c:\users\flynnuser\desktop\development\c++ projects\pxl2d\pxlexample\src\main.cpp(278): warning C4244: '=' : conversion from 'int' to 'float', possible loss of data
     1>Done Building Project "C:\Users\FlynnUser\Desktop\Development\C++ Projects\pxl2D\pxlExample\pxlExample.vcxproj" (Build target(s)) -- FAILED.

Build FAILED.

Time Elapsed 00:00:02.18
