Build started 27/01/2015 10:40:54 AM.
     1>Project "C:\Users\FlynnUser\Desktop\Development\C++ Projects\pxl2D\pxlExample\pxlExample.vcxproj" on node 2 (Build target(s)).
     1>Link:
         C:\Program Files (x86)\Microsoft Visual Studio 12.0\VC\bin\link.exe /ERRORREPORT:PROMPT /OUT:"C:\Users\FlynnUser\Desktop\Development\C++ Projects\pxl2D\Release\pxlExample.exe" /INCREMENTAL:NO /NOLOGO Vfw32.lib pxl2D.lib opengl32.lib glew32s.lib kernel32.lib user32.lib gdi32.lib winspool.lib comdlg32.lib advapi32.lib shell32.lib ole32.lib oleaut32.lib uuid.lib odbc32.lib odbccp32.lib /NODEFAULTLIB:MSVCRT /MANIFEST /MANIFESTUAC:"level='asInvoker' uiAccess='false'" /manifest:embed /DEBUG /PDB:"C:\Users\FlynnUser\Desktop\Development\C++ Projects\pxl2D\Release\pxlExample.pdb" /SUBSYSTEM:CONSOLE /OPT:REF /OPT:ICF /LTCG /TLBID:1 /DYNAMICBASE /NXCOMPAT /IMPLIB:"C:\Users\FlynnUser\Desktop\Development\C++ Projects\pxl2D\Release\pxlExample.lib" /MACHINE:X86 /SAFESEH Release\Main.obj
     1>pxl2D.lib(PXL_Window.obj) : error LNK2038: mismatch detected for '_ITERATOR_DEBUG_LEVEL': value '2' doesn't match value '0' in Main.obj
     1>pxl2D.lib(PXL_Window.obj) : error LNK2038: mismatch detected for 'RuntimeLibrary': value 'MDd_DynamicDebug' doesn't match value 'MD_DynamicRelease' in Main.obj
     1>pxl2D.lib(PXL_Window.obj) : warning LNK4075: ignoring '/EDITANDCONTINUE' due to '/OPT:ICF' specification
     1>pxl2D.lib(PXL_Font.obj) : error LNK2038: mismatch detected for '_ITERATOR_DEBUG_LEVEL': value '2' doesn't match value '0' in Main.obj
     1>pxl2D.lib(PXL_Font.obj) : error LNK2038: mismatch detected for 'RuntimeLibrary': value 'MDd_DynamicDebug' doesn't match value 'MD_DynamicRelease' in Main.obj
     1>pxl2D.lib(PXL_Bitmap.obj) : error LNK2038: mismatch detected for '_ITERATOR_DEBUG_LEVEL': value '2' doesn't match value '0' in Main.obj
     1>pxl2D.lib(PXL_Bitmap.obj) : error LNK2038: mismatch detected for 'RuntimeLibrary': value 'MDd_DynamicDebug' doesn't match value 'MD_DynamicRelease' in Main.obj
     1>pxl2D.lib(PXL_TextureSheet.obj) : error LNK2038: mismatch detected for '_ITERATOR_DEBUG_LEVEL': value '2' doesn't match value '0' in Main.obj
     1>pxl2D.lib(PXL_TextureSheet.obj) : error LNK2038: mismatch detected for 'RuntimeLibrary': value 'MDd_DynamicDebug' doesn't match value 'MD_DynamicRelease' in Main.obj
     1>pxl2D.lib(PXL.obj) : error LNK2038: mismatch detected for '_ITERATOR_DEBUG_LEVEL': value '2' doesn't match value '0' in Main.obj
     1>pxl2D.lib(PXL.obj) : error LNK2038: mismatch detected for 'RuntimeLibrary': value 'MDd_DynamicDebug' doesn't match value 'MD_DynamicRelease' in Main.obj
     1>pxl2D.lib(PXL_Texture.obj) : error LNK2038: mismatch detected for '_ITERATOR_DEBUG_LEVEL': value '2' doesn't match value '0' in Main.obj
     1>pxl2D.lib(PXL_Texture.obj) : error LNK2038: mismatch detected for 'RuntimeLibrary': value 'MDd_DynamicDebug' doesn't match value 'MD_DynamicRelease' in Main.obj
     1>pxl2D.lib(PXL_Text.obj) : error LNK2038: mismatch detected for '_ITERATOR_DEBUG_LEVEL': value '2' doesn't match value '0' in Main.obj
     1>pxl2D.lib(PXL_Text.obj) : error LNK2038: mismatch detected for 'RuntimeLibrary': value 'MDd_DynamicDebug' doesn't match value 'MD_DynamicRelease' in Main.obj
     1>pxl2D.lib(PXL_ShaderUtils.obj) : error LNK2038: mismatch detected for '_ITERATOR_DEBUG_LEVEL': value '2' doesn't match value '0' in Main.obj
     1>pxl2D.lib(PXL_ShaderUtils.obj) : error LNK2038: mismatch detected for 'RuntimeLibrary': value 'MDd_DynamicDebug' doesn't match value 'MD_DynamicRelease' in Main.obj
     1>pxl2D.lib(PXL_Batch.obj) : error LNK2038: mismatch detected for '_ITERATOR_DEBUG_LEVEL': value '2' doesn't match value '0' in Main.obj
     1>pxl2D.lib(PXL_Batch.obj) : error LNK2038: mismatch detected for 'RuntimeLibrary': value 'MDd_DynamicDebug' doesn't match value 'MD_DynamicRelease' in Main.obj
     1>pxl2D.lib(PXL_Lights.obj) : error LNK2038: mismatch detected for '_ITERATOR_DEBUG_LEVEL': value '2' doesn't match value '0' in Main.obj
     1>pxl2D.lib(PXL_Lights.obj) : error LNK2038: mismatch detected for 'RuntimeLibrary': value 'MDd_DynamicDebug' doesn't match value 'MD_DynamicRelease' in Main.obj
     1>pxl2D.lib(PXL_FontUtils.obj) : error LNK2038: mismatch detected for '_ITERATOR_DEBUG_LEVEL': value '2' doesn't match value '0' in Main.obj
     1>pxl2D.lib(PXL_FontUtils.obj) : error LNK2038: mismatch detected for 'RuntimeLibrary': value 'MDd_DynamicDebug' doesn't match value 'MD_DynamicRelease' in Main.obj
     1>pxl2D.lib(PXL_ImageUtils.obj) : error LNK2038: mismatch detected for '_ITERATOR_DEBUG_LEVEL': value '2' doesn't match value '0' in Main.obj
     1>pxl2D.lib(PXL_ImageUtils.obj) : error LNK2038: mismatch detected for 'RuntimeLibrary': value 'MDd_DynamicDebug' doesn't match value 'MD_DynamicRelease' in Main.obj
     1>pxl2D.lib(PXL_ShaderProgram.obj) : error LNK2038: mismatch detected for '_ITERATOR_DEBUG_LEVEL': value '2' doesn't match value '0' in Main.obj
     1>pxl2D.lib(PXL_ShaderProgram.obj) : error LNK2038: mismatch detected for 'RuntimeLibrary': value 'MDd_DynamicDebug' doesn't match value 'MD_DynamicRelease' in Main.obj
     1>pxl2D.lib(PXL_Matrix4.obj) : error LNK2038: mismatch detected for '_ITERATOR_DEBUG_LEVEL': value '2' doesn't match value '0' in Main.obj
     1>pxl2D.lib(PXL_Matrix4.obj) : error LNK2038: mismatch detected for 'RuntimeLibrary': value 'MDd_DynamicDebug' doesn't match value 'MD_DynamicRelease' in Main.obj
     1>pxl2D.lib(PXL_FrameBuffer.obj) : error LNK2038: mismatch detected for '_ITERATOR_DEBUG_LEVEL': value '2' doesn't match value '0' in Main.obj
     1>pxl2D.lib(PXL_FrameBuffer.obj) : error LNK2038: mismatch detected for 'RuntimeLibrary': value 'MDd_DynamicDebug' doesn't match value 'MD_DynamicRelease' in Main.obj
     1>pxl2D.lib(PXL_Exception.obj) : error LNK2038: mismatch detected for '_ITERATOR_DEBUG_LEVEL': value '2' doesn't match value '0' in Main.obj
     1>pxl2D.lib(PXL_Exception.obj) : error LNK2038: mismatch detected for 'RuntimeLibrary': value 'MDd_DynamicDebug' doesn't match value 'MD_DynamicRelease' in Main.obj
     1>LINK : warning LNK4098: defaultlib 'LIBCMT' conflicts with use of other libs; use /NODEFAULTLIB:library
     1>C:\Users\FlynnUser\Desktop\Development\C++ Projects\pxl2D\Release\pxlExample.exe : fatal error LNK1319: 32 mismatches detected
     1>Done Building Project "C:\Users\FlynnUser\Desktop\Development\C++ Projects\pxl2D\pxlExample\pxlExample.vcxproj" (Build target(s)) -- FAILED.

Build FAILED.

Time Elapsed 00:00:00.26
