c:\users\flynnuser\desktop\development\c++ projects\pxl2d\pxlexample\debug\vc120.pdb
c:\users\flynnuser\desktop\development\c++ projects\pxl2d\pxlexample\debug\vc120.idb
c:\users\flynnuser\desktop\development\c++ projects\pxl2d\pxlexample\debug\gameloop.obj
c:\users\flynnuser\desktop\development\c++ projects\pxl2d\pxlexample\debug\main.obj
c:\users\flynnuser\desktop\development\c++ projects\pxl2d\pxlexample\debug\assets.obj
c:\users\flynnuser\desktop\development\c++ projects\pxl2d\pxlexample\debug\windowmanager.obj
c:\users\flynnuser\desktop\development\c++ projects\pxl2d\pxlexample\debug\universe.obj
c:\users\flynnuser\desktop\development\c++ projects\pxl2d\debug\pxlexample.pdb
c:\users\flynnuser\desktop\development\c++ projects\pxl2d\pxlexample\debug\pxlexample.tlog\cl.command.1.tlog
c:\users\flynnuser\desktop\development\c++ projects\pxl2d\pxlexample\debug\pxlexample.tlog\cl.read.1.tlog
c:\users\flynnuser\desktop\development\c++ projects\pxl2d\pxlexample\debug\pxlexample.tlog\cl.write.1.tlog
c:\users\flynnuser\desktop\development\c++ projects\pxl2d\pxlexample\debug\pxlexample.tlog\link-cvtres.read.1.tlog
c:\users\flynnuser\desktop\development\c++ projects\pxl2d\pxlexample\debug\pxlexample.tlog\link-cvtres.write.1.tlog
c:\users\flynnuser\desktop\development\c++ projects\pxl2d\pxlexample\debug\pxlexample.tlog\link-rc.read.1.tlog
c:\users\flynnuser\desktop\development\c++ projects\pxl2d\pxlexample\debug\pxlexample.tlog\link-rc.write.1.tlog
c:\users\flynnuser\desktop\development\c++ projects\pxl2d\pxlexample\debug\pxlexample.tlog\link.5216-cvtres.read.1.tlog
c:\users\flynnuser\desktop\development\c++ projects\pxl2d\pxlexample\debug\pxlexample.tlog\link.5216-cvtres.write.1.tlog
c:\users\flynnuser\desktop\development\c++ projects\pxl2d\pxlexample\debug\pxlexample.tlog\link.5216-rc.read.1.tlog
c:\users\flynnuser\desktop\development\c++ projects\pxl2d\pxlexample\debug\pxlexample.tlog\link.5216-rc.write.1.tlog
c:\users\flynnuser\desktop\development\c++ projects\pxl2d\pxlexample\debug\pxlexample.tlog\link.5216.read.1.tlog
c:\users\flynnuser\desktop\development\c++ projects\pxl2d\pxlexample\debug\pxlexample.tlog\link.5216.write.1.tlog
c:\users\flynnuser\desktop\development\c++ projects\pxl2d\pxlexample\debug\pxlexample.tlog\link.command.1.tlog
c:\users\flynnuser\desktop\development\c++ projects\pxl2d\pxlexample\debug\pxlexample.tlog\link.read.1.tlog
c:\users\flynnuser\desktop\development\c++ projects\pxl2d\pxlexample\debug\pxlexample.tlog\link.write.1.tlog
