Build started 27/01/2015 9:48:33 AM.
     1>Project "C:\Users\FlynnUser\Desktop\Development\C++ Projects\pxl2D\pxlExample\pxlExample.vcxproj" on node 2 (Build target(s)).
     1>ClCompile:
         C:\Program Files (x86)\Microsoft Visual Studio 12.0\VC\bin\CL.exe /c /ZI /nologo /W3 /WX- /Od /Oy- /D WIN32 /D _DEBUG /D _CONSOLE /D _LIB /D GLEW_STATIC /D _MBCS /Gm /EHsc /RTC1 /MDd /GS /fp:precise /Zc:wchar_t /Zc:forScope /Fo"Debug\\" /Fd"Debug\vc120.pdb" /Gd /TP /analyze- /errorReport:prompt src\Main.cpp
         Main.cpp
     1>c:\users\flynnuser\desktop\development\c++ projects\pxl2d\pxl2d\include\pxl.h(4): warning C4005: 'GLEW_STATIC' : macro redefinition
                 command-line arguments :  see previous definition of 'GLEW_STATIC'
     1>c:\users\flynnuser\desktop\development\c++ projects\pxl2d\pxl2d\include\graphics\pxl_batch.h(33): warning C4099: 'PXL_Batch' : type name first seen using 'struct' now seen using 'class'
                 c:\users\flynnuser\desktop\development\c++ projects\pxl2d\pxl2d\include\graphics\pxl_shaderutils.h(8) : see declaration of 'PXL_Batch'
     1>c:\users\flynnuser\desktop\development\c++ projects\pxl2d\pxlexample\src\main.cpp(13): warning C4244: 'argument' : conversion from 'time_t' to 'unsigned int', possible loss of data
     1>c:\users\flynnuser\desktop\development\c++ projects\pxl2d\pxlexample\src\main.cpp(51): warning C4244: '=' : conversion from 'int' to 'float', possible loss of data
     1>c:\users\flynnuser\desktop\development\c++ projects\pxl2d\pxlexample\src\main.cpp(106): warning C4018: '<' : signed/unsigned mismatch
     1>c:\users\flynnuser\desktop\development\c++ projects\pxl2d\pxlexample\src\main.cpp(123): warning C4244: '=' : conversion from 'float' to 'unsigned char', possible loss of data
     1>c:\users\flynnuser\desktop\development\c++ projects\pxl2d\pxlexample\src\main.cpp(124): warning C4244: '=' : conversion from 'float' to 'unsigned char', possible loss of data
     1>c:\users\flynnuser\desktop\development\c++ projects\pxl2d\pxlexample\src\main.cpp(125): warning C4244: '=' : conversion from 'float' to 'unsigned char', possible loss of data
     1>c:\users\flynnuser\desktop\development\c++ projects\pxl2d\pxlexample\src\main.cpp(137): warning C4244: 'argument' : conversion from 'double' to 'DWORD', possible loss of data
       Link:
         C:\Program Files (x86)\Microsoft Visual Studio 12.0\VC\bin\link.exe /ERRORREPORT:PROMPT /OUT:"C:\Users\FlynnUser\Desktop\Development\C++ Projects\pxl2D\Debug\pxlExample.exe" /INCREMENTAL /NOLOGO Vfw32.lib pxl2D.lib opengl32.lib glew32s.lib kernel32.lib user32.lib gdi32.lib winspool.lib comdlg32.lib advapi32.lib shell32.lib ole32.lib oleaut32.lib uuid.lib odbc32.lib odbccp32.lib /NODEFAULTLIB:MSVCRT /MANIFEST /MANIFESTUAC:"level='asInvoker' uiAccess='false'" /manifest:embed /DEBUG /PDB:"C:\Users\FlynnUser\Desktop\Development\C++ Projects\pxl2D\Debug\pxlExample.pdb" /SUBSYSTEM:CONSOLE /TLBID:1 /DYNAMICBASE /NXCOMPAT /IMPLIB:"C:\Users\FlynnUser\Desktop\Development\C++ Projects\pxl2D\Debug\pxlExample.lib" /MACHINE:X86 Debug\Main.obj
     1>LINK : warning LNK4098: defaultlib 'LIBCMT' conflicts with use of other libs; use /NODEFAULTLIB:library
     1>pxl2D.lib(PXL_ShaderUtils.obj) : warning LNK4049: locally defined symbol ___glewGetUniformLocation imported
     1>pxl2D.lib(PXL_Batch.obj) : warning LNK4049: locally defined symbol ___glewGetUniformLocation imported
     1>pxl2D.lib(PXL_Lights.obj) : warning LNK4217: locally defined symbol ___glewGetUniformLocation imported in function "public: class std::_Vector_iterator<class std::_Vector_val<struct std::_Simple_types<struct PXL_PointLight *> > > __thiscall std::vector<struct PXL_PointLight *,class std::allocator<struct PXL_PointLight *> >::erase(class std::_Vector_const_iterator<class std::_Vector_val<struct std::_Simple_types<struct PXL_PointLight *> > >,class std::_Vector_const_iterator<class std::_Vector_val<struct std::_Simple_types<struct PXL_PointLight *> > >)" (?erase@?$vector@PAUPXL_PointLight@@V?$allocator@PAUPXL_PointLight@@@std@@@std@@QAE?AV?$_Vector_iterator@V?$_Vector_val@U?$_Simple_types@PAUPXL_PointLight@@@std@@@std@@@2@V?$_Vector_const_iterator@V?$_Vector_val@U?$_Simple_types@PAUPXL_PointLight@@@std@@@std@@@2@0@Z)
     1>pxl2D.lib(PXL_ShaderUtils.obj) : warning LNK4049: locally defined symbol ___glewUniform1f imported
     1>pxl2D.lib(PXL_ShaderUtils.obj) : warning LNK4049: locally defined symbol ___glewUniform2f imported
     1>pxl2D.lib(PXL_ShaderUtils.obj) : warning LNK4049: locally defined symbol ___glewUniform3f imported
     1>pxl2D.lib(PXL_ShaderUtils.obj) : warning LNK4049: locally defined symbol ___glewUniform4f imported
     1>pxl2D.lib(PXL_Batch.obj) : warning LNK4049: locally defined symbol ___glewBindBuffer imported
     1>pxl2D.lib(PXL_FrameBuffer.obj) : warning LNK4049: locally defined symbol ___glewBindBuffer imported
     1>pxl2D.lib(PXL_Batch.obj) : warning LNK4049: locally defined symbol ___glewBufferData imported
     1>pxl2D.lib(PXL_Batch.obj) : warning LNK4049: locally defined symbol ___glewBufferSubData imported
     1>pxl2D.lib(PXL_Batch.obj) : warning LNK4049: locally defined symbol ___glewDeleteBuffers imported
     1>pxl2D.lib(PXL_Batch.obj) : warning LNK4049: locally defined symbol ___glewGenBuffers imported
     1>pxl2D.lib(PXL_Batch.obj) : warning LNK4049: locally defined symbol ___glewEnableVertexAttribArray imported
     1>pxl2D.lib(PXL_Batch.obj) : warning LNK4049: locally defined symbol ___glewUniformMatrix4fv imported
     1>pxl2D.lib(PXL_Batch.obj) : warning LNK4049: locally defined symbol ___glewUseProgram imported
     1>pxl2D.lib(PXL_Batch.obj) : warning LNK4049: locally defined symbol ___glewVertexAttribPointer imported
     1>pxl2D.lib(PXL_Batch.obj) : warning LNK4049: locally defined symbol ___glewBindFramebuffer imported
     1>pxl2D.lib(PXL_FrameBuffer.obj) : warning LNK4049: locally defined symbol ___glewBindFramebuffer imported
     1>pxl2D.lib(PXL_Lights.obj) : warning LNK4049: locally defined symbol ___glewUniform1fv imported
     1>pxl2D.lib(PXL_Lights.obj) : warning LNK4049: locally defined symbol ___glewUniform1i imported
     1>pxl2D.lib(PXL_ShaderProgram.obj) : warning LNK4049: locally defined symbol ___glewAttachShader imported
     1>pxl2D.lib(PXL_ShaderProgram.obj) : warning LNK4049: locally defined symbol ___glewCreateProgram imported
     1>pxl2D.lib(PXL_ShaderProgram.obj) : warning LNK4049: locally defined symbol ___glewCreateShader imported
     1>pxl2D.lib(PXL_ShaderProgram.obj) : warning LNK4049: locally defined symbol ___glewDeleteShader imported
     1>pxl2D.lib(PXL_ShaderProgram.obj) : warning LNK4049: locally defined symbol ___glewDetachShader imported
     1>pxl2D.lib(PXL_ShaderProgram.obj) : warning LNK4049: locally defined symbol ___glewGetProgramiv imported
     1>pxl2D.lib(PXL_ShaderProgram.obj) : warning LNK4049: locally defined symbol ___glewGetShaderiv imported
     1>pxl2D.lib(PXL_ShaderProgram.obj) : warning LNK4049: locally defined symbol ___glewLinkProgram imported
     1>pxl2D.lib(PXL_ShaderProgram.obj) : warning LNK4049: locally defined symbol ___glewCompileShaderARB imported
     1>pxl2D.lib(PXL_ShaderProgram.obj) : warning LNK4049: locally defined symbol ___glewGetInfoLogARB imported
     1>pxl2D.lib(PXL_ShaderProgram.obj) : warning LNK4049: locally defined symbol ___glewGetObjectParameterivARB imported
     1>pxl2D.lib(PXL_ShaderProgram.obj) : warning LNK4049: locally defined symbol ___glewShaderSourceARB imported
     1>pxl2D.lib(PXL_FrameBuffer.obj) : warning LNK4049: locally defined symbol ___glewClearBufferiv imported
     1>pxl2D.lib(PXL_FrameBuffer.obj) : warning LNK4049: locally defined symbol ___glewFramebufferParameteri imported
     1>pxl2D.lib(PXL_FrameBuffer.obj) : warning LNK4049: locally defined symbol ___glewCheckFramebufferStatus imported
     1>pxl2D.lib(PXL_FrameBuffer.obj) : warning LNK4049: locally defined symbol ___glewDeleteFramebuffers imported
     1>pxl2D.lib(PXL_FrameBuffer.obj) : warning LNK4049: locally defined symbol ___glewFramebufferTexture2D imported
     1>pxl2D.lib(PXL_FrameBuffer.obj) : warning LNK4049: locally defined symbol ___glewGenFramebuffers imported
     1>glew32s.lib(glew.obj) : warning LNK4099: PDB 'vc120.pdb' was not found with 'glew32s.lib(glew.obj)' or at 'C:\Users\FlynnUser\Desktop\Development\C++ Projects\pxl2D\Debug\vc120.pdb'; linking object as if no debug info
         pxlExample.vcxproj -> C:\Users\FlynnUser\Desktop\Development\C++ Projects\pxl2D\Debug\pxlExample.exe
     1>Done Building Project "C:\Users\FlynnUser\Desktop\Development\C++ Projects\pxl2D\pxlExample\pxlExample.vcxproj" (Build target(s)).

Build succeeded.

Time Elapsed 00:00:01.36
