Build started 22/01/2015 9:52:07 PM.
     1>Project "C:\Users\FlynnUser\Desktop\Development\C++ Projects\pxl2D\pxl2D\pxl2D.vcxproj" on node 2 (Build target(s)).
     1>C:\Program Files (x86)\MSBuild\Microsoft.Cpp\v4.0\V120\Microsoft.CppBuild.targets(364,5): warning MSB8004: Output Directory does not end with a trailing slash.  This build instance will add the slash as it is required to allow proper evaluation of the Output Directory.
     1>Lib:
         C:\Program Files (x86)\Microsoft Visual Studio 12.0\VC\bin\Lib.exe /OUT:"C:\Users\FlynnUser\Desktop\Development\C++ Projects\pxl2D\lib\pxl2D\pxl2D.lib" libpng.lib zlib.lib freetype.lib /NOLOGO Debug\PXL.obj
         Debug\PXL_Batch.obj
         Debug\PXL_Bitmap.obj
         Debug\PXL_Font.obj
         Debug\PXL_FontUtils.obj
         Debug\PXL_ImageUtils.obj
         Debug\PXL_Matrix4.obj
         Debug\PXL_Text.obj
         Debug\PXL_Texture.obj
         Debug\PXL_ShaderUtils.obj
         Debug\PXL_ShaderProgram.obj
         Debug\PXL_TextureSheet.obj
     1>zlib.lib(zlib1.dll) : warning LNK4006: _DllGetVersion already defined in libpng.lib(libpng12.dll); second definition ignored
     1>zlib.lib(zlib1.dll) : warning LNK4006: __imp__DllGetVersion already defined in libpng.lib(libpng12.dll); second definition ignored
     1>zlib.lib(zlib1.dll) : warning LNK4221: This object file does not define any previously undefined public symbols, so it will not be used by any link operation that consumes this library
     1>zlib.lib(zlib1.dll) : warning LNK4006: __NULL_IMPORT_DESCRIPTOR already defined in libpng.lib(libpng12.dll); second definition ignored
     1>zlib.lib(zlib1.dll) : warning LNK4221: This object file does not define any previously undefined public symbols, so it will not be used by any link operation that consumes this library
     1>freetype.lib(freetype6.dll) : warning LNK4006: _DllGetVersion already defined in libpng.lib(libpng12.dll); second definition ignored
     1>freetype.lib(freetype6.dll) : warning LNK4006: __imp__DllGetVersion already defined in libpng.lib(libpng12.dll); second definition ignored
     1>freetype.lib(freetype6.dll) : warning LNK4221: This object file does not define any previously undefined public symbols, so it will not be used by any link operation that consumes this library
     1>freetype.lib(freetype6.dll) : warning LNK4006: __NULL_IMPORT_DESCRIPTOR already defined in libpng.lib(libpng12.dll); second definition ignored
     1>freetype.lib(freetype6.dll) : warning LNK4221: This object file does not define any previously undefined public symbols, so it will not be used by any link operation that consumes this library
         pxl2D.vcxproj -> C:\Users\FlynnUser\Desktop\Development\C++ Projects\pxl2D\lib\pxl2D\pxl2D.lib
     1>Done Building Project "C:\Users\FlynnUser\Desktop\Development\C++ Projects\pxl2D\pxl2D\pxl2D.vcxproj" (Build target(s)).

Build succeeded.

Time Elapsed 00:00:00.17
