d:\development\c++\pxl2d\pxl2d\debug\pxl2d.pdb
d:\development\c++\pxl2d\pxl2d\debug\pxl2d.idb
d:\development\c++\pxl2d\pxl2d\debug\shaderprogram.obj
d:\development\c++\pxl2d\pxl2d\debug\shaderutils.obj
d:\development\c++\pxl2d\pxl2d\debug\sprite.obj
d:\development\c++\pxl2d\pxl2d\debug\text.obj
d:\development\c++\pxl2d\pxl2d\debug\texture.obj
d:\development\c++\pxl2d\pxl2d\debug\texturesheet.obj
d:\development\c++\pxl2d\pxl2d\debug\collision.obj
d:\development\c++\pxl2d\pxl2d\debug\pxl.obj
d:\development\c++\pxl2d\pxl2d\debug\graphics.obj
d:\development\c++\pxl2d\pxl2d\debug\input.obj
d:\development\c++\pxl2d\pxl2d\debug\physics.obj
d:\development\c++\pxl2d\pxl2d\debug\system.obj
d:\development\c++\pxl2d\pxl2d\debug\debug.obj
d:\development\c++\pxl2d\pxl2d\debug\event.obj
d:\development\c++\pxl2d\pxl2d\debug\exception.obj
d:\development\c++\pxl2d\pxl2d\debug\imageio.obj
d:\development\c++\pxl2d\pxl2d\debug\io.obj
d:\development\c++\pxl2d\pxl2d\debug\math.obj
d:\development\c++\pxl2d\pxl2d\debug\timer.obj
d:\development\c++\pxl2d\pxl2d\debug\window.obj
d:\development\c++\pxl2d\pxl2d\debug\batch.obj
d:\development\c++\pxl2d\pxl2d\debug\bitmap.obj
d:\development\c++\pxl2d\pxl2d\debug\colour.obj
d:\development\c++\pxl2d\pxl2d\debug\font.obj
d:\development\c++\pxl2d\pxl2d\debug\fontutils.obj
d:\development\c++\pxl2d\pxl2d\debug\framebuffer.obj
d:\development\c++\pxl2d\pxl2d\debug\graphicsapi.obj
d:\development\c++\pxl2d\pxl2d\debug\lights.obj
d:\development\c++\pxl2d\pxl2d\debug\matrix4.obj
d:\development\c++\platformer\debug\pxl2d.lib
d:\development\c++\platformer\\debug\pxl2d.pdb
d:\development\c++\platformer\\debug\pxl2d.lib
d:\development\c++\pxl2d\pxl2d\debug\pxl2d.tlog\cl.command.1.tlog
d:\development\c++\pxl2d\pxl2d\debug\pxl2d.tlog\cl.read.1.tlog
d:\development\c++\pxl2d\pxl2d\debug\pxl2d.tlog\cl.write.1.tlog
d:\development\c++\pxl2d\pxl2d\debug\pxl2d.tlog\lib-link.read.1.tlog
d:\development\c++\pxl2d\pxl2d\debug\pxl2d.tlog\lib-link.write.1.tlog
d:\development\c++\pxl2d\pxl2d\debug\pxl2d.tlog\lib.command.1.tlog
